-------------------------------------------------------------------------------
Test set: com.unifacs.a3_engsoftware.JAVA.TesteCaixaBranca.UsuarioControllerTest
-------------------------------------------------------------------------------
Tests run: 1, Failures: 0, Errors: 1, Skipped: 0, Time elapsed: 1.062 s <<< FAILURE! - in com.unifacs.a3_engsoftware.JAVA.TesteCaixaBranca.UsuarioControllerTest
testLoginUsuario_Fail  Time elapsed: 1.051 s  <<< ERROR!
java.lang.NullPointerException: Cannot invoke "javax.swing.JTextField.getText()" because the return value of "com.unifacs.a3_engsoftware.JAVA.view.Login.getjTextFieldUsuario()" is null
	at com.unifacs.a3_engsoftware.JAVA.TesteCaixaBranca.UsuarioControllerTest.testLoginUsuario_Fail(UsuarioControllerTest.java:63)

